<?xml version="1.0" encoding="UTF-8"?>
<!-- Generated by org.testng.reporters.JUnitReportReporter -->
<testsuite hostname="hjl2546" name="com.psl.sample.MyFirstSample" tests="1" failures="0" timestamp="29 Aug 2014 17:20:30 GMT" time="0.005" errors="0">
  <testcase name="f" time="0.005" classname="com.psl.sample.MyFirstSample"/>
</testsuite> <!-- com.psl.sample.MyFirstSample -->
