<?xml version="1.0" encoding="UTF-8"?>
<!-- Generated by org.testng.reporters.JUnitReportReporter -->
<testsuite hostname="hjl2546" name="com.psl.sample.MyFirstSample" tests="1" failures="0" timestamp="1 Sep 2014 09:20:26 GMT" time="0.000" errors="0">
  <testcase name="f" time="0.000" classname="com.psl.sample.MyFirstSample"/>
</testsuite> <!-- com.psl.sample.MyFirstSample -->
